<?xml version="1.0" encoding="UTF-8"?>
<testng-results ignored="0" total="2" passed="2" failed="0" skipped="0">
  <reporter-output>
  </reporter-output>
  <suite started-at="2021-08-10T11:15:48 IST" name="Default suite" finished-at="2021-08-10T11:15:57 IST" duration-ms="8946">
    <groups>
    </groups>
    <test started-at="2021-08-10T11:15:48 IST" name="Default test" finished-at="2021-08-10T11:15:57 IST" duration-ms="8946">
      <class name="learnExcel.ExcelLearning">
        <test-method signature="demoSite(java.lang.String, java.lang.String, java.lang.String)[pri:0, instance:learnExcel.ExcelLearning@647fd8ce]" started-at="2021-08-10T11:15:48 IST" name="demoSite" data-provider="testdata" finished-at="2021-08-10T11:15:53 IST" duration-ms="4601" status="PASS">
          <params>
            <param index="0">
              <value>
                <![CDATA[UserName]]>
              </value>
            </param>
            <param index="1">
              <value>
                <![CDATA[Password]]>
              </value>
            </param>
            <param index="2">
              <value>
                <![CDATA[http://demo.guru99.com/v1/]]>
              </value>
            </param>
          </params>
          <reporter-output>
          </reporter-output>
        </test-method> <!-- demoSite -->
        <test-method signature="demoSite(java.lang.String, java.lang.String, java.lang.String)[pri:0, instance:learnExcel.ExcelLearning@647fd8ce]" started-at="2021-08-10T11:15:53 IST" name="demoSite" data-provider="testdata" finished-at="2021-08-10T11:15:57 IST" duration-ms="3672" status="PASS">
          <params>
            <param index="0">
              <value>
                <![CDATA[UserName1]]>
              </value>
            </param>
            <param index="1">
              <value>
                <![CDATA[Password1]]>
              </value>
            </param>
            <param index="2">
              <value>
                <![CDATA[http://demo.guru99.com/v1/]]>
              </value>
            </param>
          </params>
          <reporter-output>
          </reporter-output>
        </test-method> <!-- demoSite -->
      </class> <!-- learnExcel.ExcelLearning -->
    </test> <!-- Default test -->
  </suite> <!-- Default suite -->
</testng-results>
