<?xml version="1.0" encoding="UTF-8"?>
<testng-results skipped="0" failed="0" ignored="0" total="1" passed="1">
  <reporter-output>
  </reporter-output>
  <suite name="Default suite" duration-ms="12351" started-at="2020-11-10T16:20:25 IST" finished-at="2020-11-10T16:20:37 IST">
    <groups>
      <group name="cucumber">
        <method signature="AbstractTestNGCucumberTests.runScenario(cucumber.api.testng.PickleEventWrapper, cucumber.api.testng.CucumberFeatureWrapper)[pri:0, instance:runner.TestHonda@2bbf4b8b]" name="runScenario" class="cucumber.api.testng.AbstractTestNGCucumberTests"/>
      </group> <!-- cucumber -->
    </groups>
    <test name="Default test" duration-ms="12351" started-at="2020-11-10T16:20:25 IST" finished-at="2020-11-10T16:20:37 IST">
      <class name="runner.TestHonda">
        <test-method status="PASS" signature="setUpClass()[pri:0, instance:runner.TestHonda@2bbf4b8b]" name="setUpClass" is-config="true" duration-ms="178" started-at="2020-11-10T16:20:25 IST" finished-at="2020-11-10T16:20:25 IST">
          <reporter-output>
          </reporter-output>
        </test-method> <!-- setUpClass -->
        <test-method status="PASS" signature="runScenario(cucumber.api.testng.PickleEventWrapper, cucumber.api.testng.CucumberFeatureWrapper)[pri:0, instance:runner.TestHonda@2bbf4b8b]" name="runScenario" duration-ms="12049" started-at="2020-11-10T16:20:25 IST" description="Runs Cucumber Scenarios" data-provider="scenarios" finished-at="2020-11-10T16:20:37 IST">
          <params>
            <param index="0">
              <value>
                <![CDATA["Honda Website Automation"]]>
              </value>
            </param>
            <param index="1">
              <value>
                <![CDATA["Automate Honda Website"]]>
              </value>
            </param>
          </params>
          <reporter-output>
          </reporter-output>
        </test-method> <!-- runScenario -->
        <test-method status="PASS" signature="tearDownClass()[pri:0, instance:runner.TestHonda@2bbf4b8b]" name="tearDownClass" is-config="true" duration-ms="16" started-at="2020-11-10T16:20:37 IST" finished-at="2020-11-10T16:20:37 IST">
          <reporter-output>
          </reporter-output>
        </test-method> <!-- tearDownClass -->
      </class> <!-- runner.TestHonda -->
    </test> <!-- Default test -->
  </suite> <!-- Default suite -->
</testng-results>
